<?xml version="1.0" encoding="UTF-8"?>
<!-- Generated by org.testng.reporters.JUnitReportReporter -->
<testsuite hostname="DESKTOP-ML284IJ" failures="0" tests="1" name="com.luxoft.testcases.ContactUsTest" time="6.289" errors="0" timestamp="2022-11-14T10:34:59 IST" skipped="0">
  <testcase classname="com.luxoft.testcases.ContactUsTest" name="TestContryandCityDropDown" time="6.289"/>
  <system-out/>
</testsuite> <!-- com.luxoft.testcases.ContactUsTest -->
